2026-05-04 16:32:24 [INFO] 使用自定义模型: captcha_model.pth
2026-05-04 16:32:25 [INFO] 已加载 1832489 条有效身份证, 可用 1832487 条, 并发 3 线程
2026-05-04 16:32:25 [INFO] 切换代理: 182.160.110.154:9898
2026-05-04 16:32:36 [INFO] 结果: net_error
2026-05-04 16:32:36 [INFO] 结果: net_error
2026-05-04 16:32:36 [INFO] 结果: net_error
2026-05-04 16:32:49 [INFO] 结果: net_error
2026-05-04 16:32:50 [INFO] 结果: net_error
2026-05-04 16:32:50 [INFO] 结果: net_error
2026-05-04 16:32:52 [INFO] 切换代理: 101.251.204.174:8080
2026-05-04 16:32:53 [INFO] [+] 注册成功 8rv7ey2----6g0p2q937n (sfz 1/4)
2026-05-04 16:33:03 [INFO] 结果: net_error
2026-05-04 16:33:08 [INFO] 结果: net_error
2026-05-04 16:33:20 [INFO] 结果: net_error
2026-05-04 16:33:20 [INFO] 结果: net_error
2026-05-04 16:33:20 [INFO] 结果: net_error
2026-05-04 16:33:21 [INFO] 切换代理: 190.8.164.245:999
2026-05-04 16:33:22 [INFO] 已停止
2026-05-04 16:34:21 [INFO] 使用自定义模型: captcha_model.pth
2026-05-04 16:34:22 [INFO] 已加载 1832489 条有效身份证, 可用 1832487 条, 并发 3 线程
2026-05-04 16:34:22 [INFO] 切换代理: 43.203.140.58:49266
2026-05-04 16:34:23 [INFO] 切换代理: 161.35.70.249:80
2026-05-04 16:34:23 [INFO] 结果: net_error
2026-05-04 16:34:32 [INFO] 结果: captcha_exhausted
2026-05-04 16:34:35 [INFO] 结果: captcha_exhausted
2026-05-04 16:34:44 [INFO] 结果: captcha_exhausted
2026-05-04 16:34:45 [INFO] 结果: captcha_exhausted
2026-05-04 16:34:47 [INFO] 结果: captcha_exhausted
2026-05-04 16:34:58 [INFO] 结果: captcha_exhausted
2026-05-04 16:34:59 [INFO] 结果: captcha_exhausted
2026-05-04 16:34:59 [INFO] 结果: captcha_exhausted
2026-05-04 16:35:05 [INFO] 已停止
2026-05-04 16:35:25 [INFO] 使用自定义模型: captcha_model.pth
2026-05-04 16:35:27 [INFO] 已加载 1832489 条有效身份证, 可用 1832487 条, 并发 3 线程
2026-05-04 16:35:28 [INFO] [+] 注册成功 fjt9mu7----7is9zndca1 (sfz 1/4)
2026-05-04 16:35:28 [INFO] [+] 注册成功 i1ug7a3----u157l9nxrs (sfz 1/4)
2026-05-04 16:35:28 [INFO] 结果: rate_limit
2026-05-04 16:35:32 [INFO] [+] 注册成功 26b0mu5----68lumc9j3r (sfz 1/4)
2026-05-04 16:35:32 [INFO] 结果: captcha_exhausted
2026-05-04 16:35:32 [INFO] [+] 注册成功 l1nocej----cbm83nxuve (sfz 1/4)
2026-05-04 16:35:35 [INFO] 结果: rate_limit
2026-05-04 16:35:35 [INFO] 结果: rate_limit
2026-05-04 16:35:35 [INFO] [+] 注册成功 h0ilcwu----c538lz6hwo (sfz 1/4)
2026-05-04 16:35:38 [INFO] [+] 注册成功 3xl76di----vpouq8679w (sfz 1/4)
2026-05-04 16:35:38 [INFO] [+] 注册成功 r2gkte8----nzmai4s9fl (sfz 1/4)
2026-05-04 16:35:39 [INFO] [+] 注册成功 kjy9uvh----sc1u6njm5o (sfz 1/4)
2026-05-04 16:35:42 [INFO] [+] 注册成功 dq8nluk----oqcl6fb3xd (sfz 1/4)
2026-05-04 16:35:42 [INFO] 结果: rate_limit
2026-05-04 16:35:43 [INFO] [+] 注册成功 03fuelk----x9c0ehiys7 (sfz 1/4)
2026-05-04 16:35:47 [INFO] 结果: rate_limit
2026-05-04 16:35:47 [INFO] [+] 注册成功 r680pd5----hslb3vmjk5 (sfz 1/4)
2026-05-04 16:35:47 [INFO] 结果: rate_limit
2026-05-04 16:35:50 [INFO] 结果: rate_limit
2026-05-04 16:35:50 [INFO] 结果: rate_limit
2026-05-04 16:35:50 [INFO] [+] 注册成功 fwdsc48----9qaefg6dv4 (sfz 1/4)
2026-05-04 16:35:54 [INFO] 结果: rate_limit
2026-05-04 16:35:54 [INFO] 结果: rate_limit
2026-05-04 16:35:54 [INFO] 结果: rate_limit
2026-05-04 16:35:57 [INFO] 结果: rate_limit
2026-05-04 16:35:58 [INFO] 结果: rate_limit
2026-05-04 16:35:58 [INFO] 结果: rate_limit
2026-05-04 16:36:01 [INFO] 结果: rate_limit
2026-05-04 16:36:01 [INFO] 结果: rate_limit
2026-05-04 16:36:01 [INFO] 结果: rate_limit
2026-05-04 16:36:05 [INFO] 结果: rate_limit
2026-05-04 16:36:05 [INFO] 结果: rate_limit
2026-05-04 16:36:06 [INFO] 结果: rate_limit
2026-05-04 16:36:09 [INFO] 结果: rate_limit
2026-05-04 16:36:10 [INFO] 结果: rate_limit
2026-05-04 16:36:10 [INFO] 结果: rate_limit
2026-05-04 16:36:13 [INFO] 结果: rate_limit
2026-05-04 16:36:13 [INFO] 结果: rate_limit
2026-05-04 16:36:13 [INFO] 结果: rate_limit
2026-05-04 16:36:16 [INFO] 结果: rate_limit
2026-05-04 16:36:16 [INFO] 结果: rate_limit
2026-05-04 16:36:16 [INFO] 结果: rate_limit
2026-05-04 16:36:18 [INFO] 已停止
2026-05-04 17:53:35 [INFO] 使用自定义模型: captcha_model.pth
2026-05-04 17:53:35 [INFO] 自动登录已启用
2026-05-04 17:53:36 [INFO] 已加载 1832489 条有效身份证, 可用 1832487 条, 并发 3 线程
2026-05-04 17:53:37 [INFO] 结果: rate_limit
2026-05-04 17:53:37 [INFO] [+] 注册成功 kpvc5xu----ns5flj498u (sfz 1/4) (总成功: 1)
2026-05-04 17:53:37 [INFO] 结果: rate_limit
2026-05-04 17:53:39 [INFO] [+] 登录成功 kpvc5xu -> sauth 已保存
2026-05-04 17:53:41 [INFO] 结果: rate_limit
2026-05-04 17:53:41 [INFO] [+] 注册成功 tqpagb0----3oadmegkc5 (sfz 1/4) (总成功: 2)
2026-05-04 17:53:41 [INFO] [+] 注册成功 jrok6h2----x9snw8ekm3 (sfz 1/4) (总成功: 3)
2026-05-04 17:53:43 [INFO] [+] 登录成功 tqpagb0 -> sauth 已保存
2026-05-04 17:53:43 [INFO] [+] 登录成功 jrok6h2 -> sauth 已保存
2026-05-04 17:53:46 [INFO] 结果: rate_limit
2026-05-04 17:53:46 [INFO] 结果: rate_limit
2026-05-04 17:53:47 [INFO] 结果: rate_limit
2026-05-04 17:53:49 [INFO] 已停止
2026-05-04 17:53:50 [INFO] 本次运行结束, 总成功注册: 3 个
2026-05-04 18:15:30 [INFO] 使用自定义模型: captcha_model.pth
2026-05-04 18:15:30 [INFO] 自动登录已启用
2026-05-04 18:15:30 [INFO] 从文件加载 272 个代理
2026-05-04 18:15:31 [INFO] 已加载 1832489 条有效身份证, 可用 1832487 条, 并发 3 线程, 单IP上限 15 次
2026-05-04 18:15:31 [INFO] 切换代理: 1.231.81.166:3128 (已用 0/15)
2026-05-04 18:15:39 [WARNING] 代理失效: 1.231.81.166:3128 (已用 0 次)
2026-05-04 18:15:39 [INFO] 结果: rate_limit
2026-05-04 18:15:40 [INFO] 结果: rate_limit
2026-05-04 18:15:40 [INFO] 结果: rate_limit
2026-05-04 18:15:40 [INFO] 代理池: 总272 可用271 失效1
2026-05-04 18:15:42 [INFO] 切换代理: 101.251.204.174:8080 (已用 0/15)
2026-05-04 18:15:52 [WARNING] 代理失效: 101.251.204.174:8080 (已用 0 次)
2026-05-04 18:15:52 [INFO] 结果: net_error
2026-05-04 18:15:53 [INFO] 结果: net_error
2026-05-04 18:15:53 [INFO] 结果: net_error
2026-05-04 18:15:53 [INFO] 代理池: 总272 可用270 失效2
2026-05-04 18:15:55 [INFO] 切换代理: 101.255.148.2:8080 (已用 0/15)
2026-05-04 18:16:05 [WARNING] 代理失效: 101.255.148.2:8080 (已用 0 次)
2026-05-04 18:16:05 [INFO] 结果: net_error
2026-05-04 18:16:06 [INFO] 结果: net_error
2026-05-04 18:16:06 [INFO] 结果: net_error
2026-05-04 18:16:06 [INFO] 代理池: 总272 可用269 失效3
2026-05-04 18:16:09 [INFO] 切换代理: 101.255.150.129:7777 (已用 0/15)
2026-05-04 18:16:19 [WARNING] 代理失效: 101.255.150.129:7777 (已用 0 次)
2026-05-04 18:16:19 [INFO] 结果: net_error
2026-05-04 18:16:19 [INFO] 结果: net_error
2026-05-04 18:16:19 [INFO] 结果: net_error
2026-05-04 18:16:19 [INFO] 代理池: 总272 可用268 失效4
2026-05-04 18:16:21 [INFO] 切换代理: 102.209.18.96:8080 (已用 0/15)
2026-05-04 18:16:31 [WARNING] 代理失效: 102.209.18.96:8080 (已用 0 次)
2026-05-04 18:16:31 [INFO] 结果: net_error
2026-05-04 18:16:31 [INFO] 结果: net_error
2026-05-04 18:16:32 [INFO] 结果: net_error
2026-05-04 18:16:32 [INFO] 代理池: 总272 可用267 失效5
2026-05-04 18:16:34 [INFO] 切换代理: 102.68.128.212:8080 (已用 0/15)
2026-05-04 18:16:44 [WARNING] 代理失效: 102.68.128.212:8080 (已用 0 次)
2026-05-04 18:16:44 [INFO] 结果: net_error
2026-05-04 18:16:45 [INFO] 结果: net_error
2026-05-04 18:16:45 [INFO] 结果: net_error
2026-05-04 18:16:45 [INFO] 代理池: 总272 可用266 失效6
2026-05-04 18:16:47 [INFO] 切换代理: 102.68.129.54:8080 (已用 0/15)
2026-05-04 18:16:55 [INFO] 已停止
2026-05-04 18:16:57 [WARNING] 代理失效: 102.68.129.54:8080 (已用 0 次)
2026-05-04 18:17:02 [INFO] 本次运行结束, 总成功注册: 0 个
